2025-03-26 18:33:00,095 - INFO - Navigating to login page...
2025-03-26 18:33:08,063 - INFO - Filling in login credentials...
2025-03-26 18:33:10,346 - INFO - Login successful!
2025-03-26 18:33:10,347 - INFO - Navigating to event page: https://edproduction.kktix.cc/events/chiaifujikawa-livetour-hk-2025
2025-03-26 18:33:20,443 - INFO - Looking for 'Buy Now' (ミY潦布) button...
2025-03-26 18:33:20,475 - INFO - Found 'Buy Now' button with href: https://kktix.com/events/chiaifujikawa-livetour-hk-2025/registrations/new
2025-03-26 18:33:28,321 - INFO - Navigating to registration page...
2025-03-26 18:33:28,321 - INFO - On registration page, selecting ticket type and quantity...
2025-03-26 18:33:28,351 - INFO - Found preferred ticket type: HK$980 VIP
2025-03-26 18:33:28,360 - ERROR - Error on registration page: Element not found - Message: no such element: Unable to locate element: {"method":"css selector","selector":"select[name="ticket[quantity]"]"}
  (Session info: chrome=134.0.6998.165); For documentation on this error, please visit: https://www.selenium.dev/documentation/webdriver/troubleshooting/errors#no-such-element-exception
Stacktrace:
	GetHandleVerifier [0x00007FF7811E4C25+3179557]
	(No symbol) [0x00007FF780E488A0]
	(No symbol) [0x00007FF780CD91CA]
	(No symbol) [0x00007FF780D2FA67]
	(No symbol) [0x00007FF780D2FC9C]
	(No symbol) [0x00007FF780D2240C]
	(No symbol) [0x00007FF780D57C6F]
	(No symbol) [0x00007FF780D222D6]
	(No symbol) [0x00007FF780D57E40]
	(No symbol) [0x00007FF780D802F3]
	(No symbol) [0x00007FF780D57A03]
	(No symbol) [0x00007FF780D206D0]
	(No symbol) [0x00007FF780D21983]
	GetHandleVerifier [0x00007FF7812467CD+3579853]
	GetHandleVerifier [0x00007FF78125D1D2+3672530]
	GetHandleVerifier [0x00007FF781252153+3627347]
	GetHandleVerifier [0x00007FF780FB092A+868650]
	(No symbol) [0x00007FF780E52FFF]
	(No symbol) [0x00007FF780E4F4A4]
	(No symbol) [0x00007FF780E4F646]
	(No symbol) [0x00007FF780E3EAA9]
	BaseThreadInitThunk [0x00007FFE5BAC259D+29]
	RtlUserThreadStart [0x00007FFE5DB2AF38+40]

2025-03-26 18:33:28,361 - ERROR - Failed to complete ticket selection on registration page.
2025-03-26 18:33:28,361 - INFO - Browser will remain open for manual intervention. Close it when done.
2025-03-26 18:37:13,006 - INFO - Navigating to login page...
2025-03-26 18:37:20,837 - INFO - Filling in login credentials...
2025-03-26 18:37:24,595 - INFO - Login successful!
2025-03-26 18:37:24,595 - INFO - Navigating to event page: https://kklivehk.kktix.cc/events/tangsiuhau-imherelive2025
2025-03-26 18:37:24,597 - ERROR - Script failed: Message: no such window: target window already closed
from unknown error: web view not found
  (Session info: chrome=134.0.6998.165)
Stacktrace:
	GetHandleVerifier [0x00007FF7811E4C25+3179557]
	(No symbol) [0x00007FF780E488A0]
	(No symbol) [0x00007FF780CD91CA]
	(No symbol) [0x00007FF780CB1753]
	(No symbol) [0x00007FF780D5F83E]
	(No symbol) [0x00007FF780D7FBE2]
	(No symbol) [0x00007FF780D57A03]
	(No symbol) [0x00007FF780D206D0]
	(No symbol) [0x00007FF780D21983]
	GetHandleVerifier [0x00007FF7812467CD+3579853]
	GetHandleVerifier [0x00007FF78125D1D2+3672530]
	GetHandleVerifier [0x00007FF781252153+3627347]
	GetHandleVerifier [0x00007FF780FB092A+868650]
	(No symbol) [0x00007FF780E52FFF]
	(No symbol) [0x00007FF780E4F4A4]
	(No symbol) [0x00007FF780E4F646]
	(No symbol) [0x00007FF780E3EAA9]
	BaseThreadInitThunk [0x00007FFE5BAC259D+29]
	RtlUserThreadStart [0x00007FFE5DB2AF38+40]

2025-03-26 18:37:24,598 - INFO - Browser will remain open for manual intervention. Close it when done.
2025-03-26 18:37:48,956 - INFO - Navigating to login page...
2025-03-26 18:37:56,815 - INFO - Filling in login credentials...
2025-03-26 18:37:58,854 - INFO - Login successful!
2025-03-26 18:37:58,854 - INFO - Navigating to event page: https://kklivehk.kktix.cc/events/tangsiuhau-imherelive2025
2025-03-26 18:38:09,261 - INFO - Looking for 'Buy Now' (ミY潦布) button...
2025-03-26 18:38:10,290 - INFO - 'Buy Now' button not found, looking for 'Next Step' (U@B) button...
2025-03-26 18:38:11,307 - INFO - Neither 'Buy Now' nor 'Next Step' button found, reloading page (Attempt 1/350000)...
2025-03-26 18:38:12,105 - INFO - Looking for 'Buy Now' (ミY潦布) button...
2025-03-26 18:38:13,131 - INFO - 'Buy Now' button not found, looking for 'Next Step' (U@B) button...
2025-03-26 18:38:14,150 - INFO - Neither 'Buy Now' nor 'Next Step' button found, reloading page (Attempt 2/350000)...
2025-03-26 18:38:14,849 - INFO - Looking for 'Buy Now' (ミY潦布) button...
2025-03-26 18:38:15,883 - INFO - 'Buy Now' button not found, looking for 'Next Step' (U@B) button...
2025-03-26 18:38:16,904 - INFO - Neither 'Buy Now' nor 'Next Step' button found, reloading page (Attempt 3/350000)...
2025-03-26 18:38:17,639 - INFO - Looking for 'Buy Now' (ミY潦布) button...
2025-03-26 18:38:18,677 - INFO - 'Buy Now' button not found, looking for 'Next Step' (U@B) button...
2025-03-26 18:38:19,711 - INFO - Neither 'Buy Now' nor 'Next Step' button found, reloading page (Attempt 4/350000)...
2025-03-26 18:38:20,438 - INFO - Looking for 'Buy Now' (ミY潦布) button...
2025-03-26 18:38:21,476 - INFO - 'Buy Now' button not found, looking for 'Next Step' (U@B) button...
2025-03-26 18:38:22,510 - INFO - Neither 'Buy Now' nor 'Next Step' button found, reloading page (Attempt 5/350000)...
2025-03-26 18:38:23,235 - INFO - Looking for 'Buy Now' (ミY潦布) button...
2025-03-26 18:38:24,263 - INFO - 'Buy Now' button not found, looking for 'Next Step' (U@B) button...
2025-03-26 18:38:25,285 - INFO - Neither 'Buy Now' nor 'Next Step' button found, reloading page (Attempt 6/350000)...
2025-03-26 18:38:26,023 - INFO - Looking for 'Buy Now' (ミY潦布) button...
2025-03-26 18:38:27,053 - INFO - 'Buy Now' button not found, looking for 'Next Step' (U@B) button...
2025-03-26 18:38:28,070 - INFO - Neither 'Buy Now' nor 'Next Step' button found, reloading page (Attempt 7/350000)...
2025-03-26 18:38:30,197 - INFO - Looking for 'Buy Now' (ミY潦布) button...
2025-03-26 18:38:31,223 - INFO - 'Buy Now' button not found, looking for 'Next Step' (U@B) button...
2025-03-26 18:38:32,247 - INFO - Neither 'Buy Now' nor 'Next Step' button found, reloading page (Attempt 8/350000)...
2025-03-26 18:38:32,874 - INFO - Looking for 'Buy Now' (ミY潦布) button...
2025-03-26 18:38:33,957 - INFO - 'Buy Now' button not found, looking for 'Next Step' (U@B) button...
2025-03-26 18:38:34,985 - INFO - Neither 'Buy Now' nor 'Next Step' button found, reloading page (Attempt 9/350000)...
2025-03-26 18:38:35,969 - INFO - Looking for 'Buy Now' (ミY潦布) button...
2025-03-26 18:38:37,002 - INFO - 'Buy Now' button not found, looking for 'Next Step' (U@B) button...
2025-03-26 18:38:38,037 - INFO - Neither 'Buy Now' nor 'Next Step' button found, reloading page (Attempt 10/350000)...
2025-03-26 18:38:38,970 - INFO - Looking for 'Buy Now' (ミY潦布) button...
2025-03-26 18:38:39,996 - INFO - 'Buy Now' button not found, looking for 'Next Step' (U@B) button...
2025-03-26 18:38:41,019 - INFO - Neither 'Buy Now' nor 'Next Step' button found, reloading page (Attempt 11/350000)...
2025-03-26 18:38:41,978 - INFO - Looking for 'Buy Now' (ミY潦布) button...
2025-03-26 18:38:43,005 - INFO - 'Buy Now' button not found, looking for 'Next Step' (U@B) button...
2025-03-26 18:38:44,027 - INFO - Neither 'Buy Now' nor 'Next Step' button found, reloading page (Attempt 12/350000)...
2025-03-26 18:38:44,902 - INFO - Looking for 'Buy Now' (ミY潦布) button...
2025-03-26 18:38:45,984 - INFO - 'Buy Now' button not found, looking for 'Next Step' (U@B) button...
2025-03-26 18:38:47,008 - INFO - Neither 'Buy Now' nor 'Next Step' button found, reloading page (Attempt 13/350000)...
2025-03-26 18:38:47,717 - INFO - Looking for 'Buy Now' (ミY潦布) button...
2025-03-26 18:38:48,745 - INFO - 'Buy Now' button not found, looking for 'Next Step' (U@B) button...
2025-03-26 18:38:49,773 - INFO - Neither 'Buy Now' nor 'Next Step' button found, reloading page (Attempt 14/350000)...
2025-03-26 18:38:50,405 - INFO - Looking for 'Buy Now' (ミY潦布) button...
2025-03-26 18:38:51,440 - INFO - 'Buy Now' button not found, looking for 'Next Step' (U@B) button...
2025-03-26 18:38:52,457 - INFO - Neither 'Buy Now' nor 'Next Step' button found, reloading page (Attempt 15/350000)...
2025-03-26 18:38:53,076 - INFO - Looking for 'Buy Now' (ミY潦布) button...
2025-03-26 18:38:54,096 - INFO - 'Buy Now' button not found, looking for 'Next Step' (U@B) button...
2025-03-26 18:38:55,123 - INFO - Neither 'Buy Now' nor 'Next Step' button found, reloading page (Attempt 16/350000)...
2025-03-26 18:38:55,862 - INFO - Looking for 'Buy Now' (ミY潦布) button...
2025-03-26 18:38:56,901 - INFO - 'Buy Now' button not found, looking for 'Next Step' (U@B) button...
2025-03-26 18:38:57,920 - INFO - Neither 'Buy Now' nor 'Next Step' button found, reloading page (Attempt 17/350000)...
2025-03-26 18:38:58,543 - INFO - Looking for 'Buy Now' (ミY潦布) button...
2025-03-26 18:38:59,576 - INFO - 'Buy Now' button not found, looking for 'Next Step' (U@B) button...
2025-03-26 18:39:00,593 - INFO - Neither 'Buy Now' nor 'Next Step' button found, reloading page (Attempt 18/350000)...
2025-03-26 18:39:01,326 - INFO - Looking for 'Buy Now' (ミY潦布) button...
2025-03-26 18:39:02,379 - INFO - 'Buy Now' button not found, looking for 'Next Step' (U@B) button...
2025-03-26 18:39:03,405 - INFO - Neither 'Buy Now' nor 'Next Step' button found, reloading page (Attempt 19/350000)...
2025-03-26 18:39:04,027 - INFO - Looking for 'Buy Now' (ミY潦布) button...
2025-03-26 18:39:05,052 - INFO - 'Buy Now' button not found, looking for 'Next Step' (U@B) button...
2025-03-26 18:39:06,089 - INFO - Neither 'Buy Now' nor 'Next Step' button found, reloading page (Attempt 20/350000)...
2025-03-26 18:39:06,840 - INFO - Looking for 'Buy Now' (ミY潦布) button...
2025-03-26 18:39:07,878 - INFO - 'Buy Now' button not found, looking for 'Next Step' (U@B) button...
2025-03-26 18:39:08,899 - INFO - Neither 'Buy Now' nor 'Next Step' button found, reloading page (Attempt 21/350000)...
2025-03-26 18:39:09,639 - INFO - Looking for 'Buy Now' (ミY潦布) button...
2025-03-26 18:39:10,667 - INFO - 'Buy Now' button not found, looking for 'Next Step' (U@B) button...
2025-03-26 18:39:11,695 - INFO - Neither 'Buy Now' nor 'Next Step' button found, reloading page (Attempt 22/350000)...
2025-03-26 18:39:12,368 - INFO - Looking for 'Buy Now' (ミY潦布) button...
2025-03-26 18:39:13,402 - INFO - 'Buy Now' button not found, looking for 'Next Step' (U@B) button...
2025-03-26 18:39:14,428 - INFO - Neither 'Buy Now' nor 'Next Step' button found, reloading page (Attempt 23/350000)...
2025-03-26 18:39:15,162 - INFO - Looking for 'Buy Now' (ミY潦布) button...
2025-03-26 18:39:16,196 - INFO - 'Buy Now' button not found, looking for 'Next Step' (U@B) button...
2025-03-26 18:39:17,221 - INFO - Neither 'Buy Now' nor 'Next Step' button found, reloading page (Attempt 24/350000)...
2025-03-26 18:39:17,949 - INFO - Looking for 'Buy Now' (ミY潦布) button...
2025-03-26 18:39:18,975 - INFO - 'Buy Now' button not found, looking for 'Next Step' (U@B) button...
2025-03-26 18:39:20,005 - INFO - Neither 'Buy Now' nor 'Next Step' button found, reloading page (Attempt 25/350000)...
2025-03-26 18:39:20,705 - INFO - Looking for 'Buy Now' (ミY潦布) button...
2025-03-26 18:39:21,742 - INFO - 'Buy Now' button not found, looking for 'Next Step' (U@B) button...
2025-03-26 18:39:22,768 - INFO - Neither 'Buy Now' nor 'Next Step' button found, reloading page (Attempt 26/350000)...
2025-03-26 18:39:23,462 - INFO - Looking for 'Buy Now' (ミY潦布) button...
2025-03-26 18:39:24,584 - INFO - 'Buy Now' button not found, looking for 'Next Step' (U@B) button...
2025-03-26 18:39:25,619 - INFO - Neither 'Buy Now' nor 'Next Step' button found, reloading page (Attempt 27/350000)...
2025-03-26 18:39:26,329 - INFO - Looking for 'Buy Now' (ミY潦布) button...
2025-03-26 18:39:27,359 - INFO - 'Buy Now' button not found, looking for 'Next Step' (U@B) button...
2025-03-26 18:39:28,382 - INFO - Neither 'Buy Now' nor 'Next Step' button found, reloading page (Attempt 28/350000)...
2025-03-26 18:39:29,034 - INFO - Looking for 'Buy Now' (ミY潦布) button...
2025-03-26 18:39:30,060 - INFO - 'Buy Now' button not found, looking for 'Next Step' (U@B) button...
2025-03-26 18:39:31,083 - INFO - Neither 'Buy Now' nor 'Next Step' button found, reloading page (Attempt 29/350000)...
2025-03-26 18:39:31,851 - INFO - Looking for 'Buy Now' (ミY潦布) button...
2025-03-26 18:39:32,880 - INFO - 'Buy Now' button not found, looking for 'Next Step' (U@B) button...
2025-03-26 18:39:33,897 - INFO - Neither 'Buy Now' nor 'Next Step' button found, reloading page (Attempt 30/350000)...
2025-03-26 18:39:34,536 - INFO - Looking for 'Buy Now' (ミY潦布) button...
2025-03-26 18:39:35,563 - INFO - 'Buy Now' button not found, looking for 'Next Step' (U@B) button...
2025-03-26 18:39:36,576 - INFO - Neither 'Buy Now' nor 'Next Step' button found, reloading page (Attempt 31/350000)...
2025-03-26 18:39:37,269 - INFO - Looking for 'Buy Now' (ミY潦布) button...
2025-03-26 18:39:38,292 - INFO - 'Buy Now' button not found, looking for 'Next Step' (U@B) button...
2025-03-26 18:39:39,317 - INFO - Neither 'Buy Now' nor 'Next Step' button found, reloading page (Attempt 32/350000)...
2025-03-26 18:39:40,022 - INFO - Looking for 'Buy Now' (ミY潦布) button...
2025-03-26 18:39:41,047 - INFO - 'Buy Now' button not found, looking for 'Next Step' (U@B) button...
2025-03-26 18:39:42,074 - INFO - Neither 'Buy Now' nor 'Next Step' button found, reloading page (Attempt 33/350000)...
2025-03-26 18:39:42,754 - INFO - Looking for 'Buy Now' (ミY潦布) button...
2025-03-26 18:39:43,774 - INFO - 'Buy Now' button not found, looking for 'Next Step' (U@B) button...
2025-03-26 18:39:44,894 - INFO - Neither 'Buy Now' nor 'Next Step' button found, reloading page (Attempt 34/350000)...
2025-03-26 18:39:45,648 - INFO - Looking for 'Buy Now' (ミY潦布) button...
2025-03-26 18:39:46,684 - INFO - 'Buy Now' button not found, looking for 'Next Step' (U@B) button...
2025-03-26 18:39:47,735 - INFO - Neither 'Buy Now' nor 'Next Step' button found, reloading page (Attempt 35/350000)...
2025-03-26 18:39:48,417 - INFO - Looking for 'Buy Now' (ミY潦布) button...
2025-03-26 18:39:49,453 - INFO - 'Buy Now' button not found, looking for 'Next Step' (U@B) button...
2025-03-26 18:39:50,471 - INFO - Neither 'Buy Now' nor 'Next Step' button found, reloading page (Attempt 36/350000)...
2025-03-26 18:39:51,188 - INFO - Looking for 'Buy Now' (ミY潦布) button...
2025-03-26 18:39:52,212 - INFO - 'Buy Now' button not found, looking for 'Next Step' (U@B) button...
2025-03-26 18:39:53,234 - INFO - Neither 'Buy Now' nor 'Next Step' button found, reloading page (Attempt 37/350000)...
2025-03-26 18:39:53,911 - INFO - Looking for 'Buy Now' (ミY潦布) button...
2025-03-26 18:39:54,941 - INFO - 'Buy Now' button not found, looking for 'Next Step' (U@B) button...
2025-03-26 18:39:55,959 - INFO - Neither 'Buy Now' nor 'Next Step' button found, reloading page (Attempt 38/350000)...
2025-03-26 18:39:56,586 - INFO - Looking for 'Buy Now' (ミY潦布) button...
2025-03-26 18:39:57,612 - INFO - 'Buy Now' button not found, looking for 'Next Step' (U@B) button...
2025-03-26 18:39:58,631 - INFO - Neither 'Buy Now' nor 'Next Step' button found, reloading page (Attempt 39/350000)...
2025-03-26 18:39:59,292 - INFO - Looking for 'Buy Now' (ミY潦布) button...
2025-03-26 18:40:00,317 - INFO - 'Buy Now' button not found, looking for 'Next Step' (U@B) button...
2025-03-26 18:40:01,348 - INFO - Neither 'Buy Now' nor 'Next Step' button found, reloading page (Attempt 40/350000)...
2025-03-26 18:40:02,048 - INFO - Looking for 'Buy Now' (ミY潦布) button...
2025-03-26 18:40:03,068 - INFO - 'Buy Now' button not found, looking for 'Next Step' (U@B) button...
2025-03-26 18:40:04,088 - INFO - Neither 'Buy Now' nor 'Next Step' button found, reloading page (Attempt 41/350000)...
2025-03-26 18:40:04,857 - INFO - Looking for 'Buy Now' (ミY潦布) button...
2025-03-26 18:40:05,883 - INFO - 'Buy Now' button not found, looking for 'Next Step' (U@B) button...
2025-03-26 18:40:06,909 - INFO - Neither 'Buy Now' nor 'Next Step' button found, reloading page (Attempt 42/350000)...
2025-03-26 18:40:08,125 - INFO - Looking for 'Buy Now' (ミY潦布) button...
2025-03-26 18:40:09,151 - INFO - 'Buy Now' button not found, looking for 'Next Step' (U@B) button...
2025-03-26 18:40:10,171 - INFO - Neither 'Buy Now' nor 'Next Step' button found, reloading page (Attempt 43/350000)...
2025-03-26 18:40:10,792 - INFO - Looking for 'Buy Now' (ミY潦布) button...
2025-03-26 18:40:11,824 - INFO - 'Buy Now' button not found, looking for 'Next Step' (U@B) button...
2025-03-26 18:40:12,844 - INFO - Neither 'Buy Now' nor 'Next Step' button found, reloading page (Attempt 44/350000)...
2025-03-26 18:40:13,465 - INFO - Looking for 'Buy Now' (ミY潦布) button...
2025-03-26 18:40:14,497 - INFO - 'Buy Now' button not found, looking for 'Next Step' (U@B) button...
2025-03-26 18:40:15,515 - INFO - Neither 'Buy Now' nor 'Next Step' button found, reloading page (Attempt 45/350000)...
2025-03-26 18:40:16,211 - INFO - Looking for 'Buy Now' (ミY潦布) button...
2025-03-26 18:40:17,236 - INFO - 'Buy Now' button not found, looking for 'Next Step' (U@B) button...
2025-03-26 18:40:18,257 - INFO - Neither 'Buy Now' nor 'Next Step' button found, reloading page (Attempt 46/350000)...
2025-03-26 18:40:18,916 - INFO - Looking for 'Buy Now' (ミY潦布) button...
2025-03-26 18:40:19,950 - INFO - 'Buy Now' button not found, looking for 'Next Step' (U@B) button...
2025-03-26 18:40:20,973 - INFO - Neither 'Buy Now' nor 'Next Step' button found, reloading page (Attempt 47/350000)...
2025-03-26 18:40:21,603 - INFO - Looking for 'Buy Now' (ミY潦布) button...
2025-03-26 18:40:22,663 - INFO - 'Buy Now' button not found, looking for 'Next Step' (U@B) button...
2025-03-26 18:40:23,693 - INFO - Neither 'Buy Now' nor 'Next Step' button found, reloading page (Attempt 48/350000)...
2025-03-26 18:40:24,388 - INFO - Looking for 'Buy Now' (ミY潦布) button...
2025-03-26 18:40:25,472 - INFO - 'Buy Now' button not found, looking for 'Next Step' (U@B) button...
2025-03-26 18:40:26,492 - INFO - Neither 'Buy Now' nor 'Next Step' button found, reloading page (Attempt 49/350000)...
2025-03-26 18:40:27,147 - INFO - Looking for 'Buy Now' (ミY潦布) button...
2025-03-26 18:40:28,201 - INFO - 'Buy Now' button not found, looking for 'Next Step' (U@B) button...
2025-03-26 18:40:29,221 - INFO - Neither 'Buy Now' nor 'Next Step' button found, reloading page (Attempt 50/350000)...
2025-03-26 18:40:29,890 - INFO - Looking for 'Buy Now' (ミY潦布) button...
2025-03-26 18:40:30,926 - INFO - 'Buy Now' button not found, looking for 'Next Step' (U@B) button...
2025-03-26 18:40:31,954 - INFO - Neither 'Buy Now' nor 'Next Step' button found, reloading page (Attempt 51/350000)...
2025-03-26 18:40:32,781 - INFO - Looking for 'Buy Now' (ミY潦布) button...
2025-03-26 18:40:33,811 - INFO - 'Buy Now' button not found, looking for 'Next Step' (U@B) button...
2025-03-26 18:40:34,837 - INFO - Neither 'Buy Now' nor 'Next Step' button found, reloading page (Attempt 52/350000)...
2025-03-26 18:40:35,541 - INFO - Looking for 'Buy Now' (ミY潦布) button...
2025-03-26 18:40:36,563 - INFO - 'Buy Now' button not found, looking for 'Next Step' (U@B) button...
2025-03-26 18:40:37,594 - INFO - Neither 'Buy Now' nor 'Next Step' button found, reloading page (Attempt 53/350000)...
2025-03-26 18:40:38,230 - INFO - Looking for 'Buy Now' (ミY潦布) button...
2025-03-26 18:40:39,262 - INFO - 'Buy Now' button not found, looking for 'Next Step' (U@B) button...
2025-03-26 18:40:40,301 - INFO - Neither 'Buy Now' nor 'Next Step' button found, reloading page (Attempt 54/350000)...
2025-03-26 18:40:40,972 - INFO - Looking for 'Buy Now' (ミY潦布) button...
2025-03-26 18:40:42,000 - INFO - 'Buy Now' button not found, looking for 'Next Step' (U@B) button...
2025-03-26 18:40:43,031 - INFO - Neither 'Buy Now' nor 'Next Step' button found, reloading page (Attempt 55/350000)...
2025-03-26 18:40:43,740 - INFO - Looking for 'Buy Now' (ミY潦布) button...
2025-03-26 18:40:44,773 - INFO - 'Buy Now' button not found, looking for 'Next Step' (U@B) button...
2025-03-26 18:40:45,802 - INFO - Neither 'Buy Now' nor 'Next Step' button found, reloading page (Attempt 56/350000)...
2025-03-26 18:40:46,513 - INFO - Looking for 'Buy Now' (ミY潦布) button...
2025-03-26 18:40:47,543 - INFO - 'Buy Now' button not found, looking for 'Next Step' (U@B) button...
2025-03-26 18:40:48,570 - INFO - Neither 'Buy Now' nor 'Next Step' button found, reloading page (Attempt 57/350000)...
2025-03-26 18:40:49,267 - INFO - Looking for 'Buy Now' (ミY潦布) button...
2025-03-26 18:40:50,304 - INFO - 'Buy Now' button not found, looking for 'Next Step' (U@B) button...
2025-03-26 18:40:51,331 - INFO - Neither 'Buy Now' nor 'Next Step' button found, reloading page (Attempt 58/350000)...
2025-03-26 18:40:51,984 - INFO - Looking for 'Buy Now' (ミY潦布) button...
2025-03-26 18:40:53,013 - INFO - 'Buy Now' button not found, looking for 'Next Step' (U@B) button...
2025-03-26 18:40:54,038 - INFO - Neither 'Buy Now' nor 'Next Step' button found, reloading page (Attempt 59/350000)...
2025-03-26 18:40:54,635 - INFO - Looking for 'Buy Now' (ミY潦布) button...
2025-03-26 18:40:55,660 - INFO - 'Buy Now' button not found, looking for 'Next Step' (U@B) button...
2025-03-26 18:40:56,685 - INFO - Neither 'Buy Now' nor 'Next Step' button found, reloading page (Attempt 60/350000)...
2025-03-26 18:40:57,325 - INFO - Looking for 'Buy Now' (ミY潦布) button...
2025-03-26 18:40:58,354 - INFO - 'Buy Now' button not found, looking for 'Next Step' (U@B) button...
2025-03-26 18:40:59,383 - INFO - Neither 'Buy Now' nor 'Next Step' button found, reloading page (Attempt 61/350000)...
2025-03-26 18:41:00,106 - INFO - Looking for 'Buy Now' (ミY潦布) button...
2025-03-26 18:41:01,159 - INFO - 'Buy Now' button not found, looking for 'Next Step' (U@B) button...
2025-03-26 18:41:02,186 - INFO - Neither 'Buy Now' nor 'Next Step' button found, reloading page (Attempt 62/350000)...
2025-03-26 18:41:02,857 - INFO - Looking for 'Buy Now' (ミY潦布) button...
2025-03-26 18:41:03,920 - INFO - 'Buy Now' button not found, looking for 'Next Step' (U@B) button...
2025-03-26 18:41:04,993 - INFO - Neither 'Buy Now' nor 'Next Step' button found, reloading page (Attempt 63/350000)...
2025-03-26 18:41:05,673 - INFO - Looking for 'Buy Now' (ミY潦布) button...
2025-03-26 18:41:06,735 - INFO - 'Buy Now' button not found, looking for 'Next Step' (U@B) button...
2025-03-26 18:41:07,764 - INFO - Neither 'Buy Now' nor 'Next Step' button found, reloading page (Attempt 64/350000)...
2025-03-26 18:41:08,392 - INFO - Looking for 'Buy Now' (ミY潦布) button...
2025-03-26 18:41:09,424 - INFO - 'Buy Now' button not found, looking for 'Next Step' (U@B) button...
2025-03-26 18:41:10,452 - INFO - Neither 'Buy Now' nor 'Next Step' button found, reloading page (Attempt 65/350000)...
2025-03-26 18:41:11,118 - INFO - Looking for 'Buy Now' (ミY潦布) button...
2025-03-26 18:41:12,145 - INFO - 'Buy Now' button not found, looking for 'Next Step' (U@B) button...
2025-03-26 18:41:13,175 - INFO - Neither 'Buy Now' nor 'Next Step' button found, reloading page (Attempt 66/350000)...
2025-03-26 18:41:13,793 - INFO - Looking for 'Buy Now' (ミY潦布) button...
2025-03-26 18:41:14,831 - INFO - 'Buy Now' button not found, looking for 'Next Step' (U@B) button...
2025-03-26 18:41:15,860 - INFO - Neither 'Buy Now' nor 'Next Step' button found, reloading page (Attempt 67/350000)...
2025-03-26 18:41:16,553 - INFO - Looking for 'Buy Now' (ミY潦布) button...
2025-03-26 18:41:17,586 - INFO - 'Buy Now' button not found, looking for 'Next Step' (U@B) button...
2025-03-26 18:41:18,611 - INFO - Neither 'Buy Now' nor 'Next Step' button found, reloading page (Attempt 68/350000)...
2025-03-26 18:41:19,216 - INFO - Looking for 'Buy Now' (ミY潦布) button...
2025-03-26 18:41:20,245 - INFO - 'Buy Now' button not found, looking for 'Next Step' (U@B) button...
2025-03-26 18:41:21,268 - INFO - Neither 'Buy Now' nor 'Next Step' button found, reloading page (Attempt 69/350000)...
2025-03-26 18:41:21,930 - INFO - Looking for 'Buy Now' (ミY潦布) button...
2025-03-26 18:41:22,970 - INFO - 'Buy Now' button not found, looking for 'Next Step' (U@B) button...
2025-03-26 18:41:23,995 - INFO - Neither 'Buy Now' nor 'Next Step' button found, reloading page (Attempt 70/350000)...
2025-03-26 18:41:24,660 - INFO - Looking for 'Buy Now' (ミY潦布) button...
2025-03-26 18:41:25,687 - INFO - 'Buy Now' button not found, looking for 'Next Step' (U@B) button...
2025-03-26 18:41:26,709 - INFO - Neither 'Buy Now' nor 'Next Step' button found, reloading page (Attempt 71/350000)...
2025-03-26 18:41:27,400 - INFO - Looking for 'Buy Now' (ミY潦布) button...
2025-03-26 18:41:28,419 - INFO - 'Buy Now' button not found, looking for 'Next Step' (U@B) button...
2025-03-26 18:41:29,443 - INFO - Neither 'Buy Now' nor 'Next Step' button found, reloading page (Attempt 72/350000)...
2025-03-26 18:41:30,133 - INFO - Looking for 'Buy Now' (ミY潦布) button...
2025-03-26 18:41:31,177 - INFO - 'Buy Now' button not found, looking for 'Next Step' (U@B) button...
2025-03-26 18:41:32,204 - INFO - Neither 'Buy Now' nor 'Next Step' button found, reloading page (Attempt 73/350000)...
2025-03-26 18:41:32,892 - INFO - Looking for 'Buy Now' (ミY潦布) button...
2025-03-26 18:41:33,922 - INFO - 'Buy Now' button not found, looking for 'Next Step' (U@B) button...
2025-03-26 18:41:34,951 - INFO - Neither 'Buy Now' nor 'Next Step' button found, reloading page (Attempt 74/350000)...
2025-03-26 18:41:35,565 - INFO - Looking for 'Buy Now' (ミY潦布) button...
2025-03-26 18:41:36,607 - INFO - 'Buy Now' button not found, looking for 'Next Step' (U@B) button...
2025-03-26 18:41:37,637 - INFO - Neither 'Buy Now' nor 'Next Step' button found, reloading page (Attempt 75/350000)...
2025-03-26 18:41:41,645 - INFO - Looking for 'Buy Now' (ミY潦布) button...
2025-03-26 18:41:42,682 - INFO - 'Buy Now' button not found, looking for 'Next Step' (U@B) button...
2025-03-26 18:41:43,710 - INFO - Neither 'Buy Now' nor 'Next Step' button found, reloading page (Attempt 76/350000)...
2025-03-26 18:41:44,324 - INFO - Looking for 'Buy Now' (ミY潦布) button...
2025-03-26 18:41:45,356 - INFO - 'Buy Now' button not found, looking for 'Next Step' (U@B) button...
2025-03-26 18:41:46,377 - INFO - Neither 'Buy Now' nor 'Next Step' button found, reloading page (Attempt 77/350000)...
2025-03-26 18:41:47,001 - INFO - Looking for 'Buy Now' (ミY潦布) button...
2025-03-26 18:41:48,040 - INFO - 'Buy Now' button not found, looking for 'Next Step' (U@B) button...
2025-03-26 18:41:49,065 - INFO - Neither 'Buy Now' nor 'Next Step' button found, reloading page (Attempt 78/350000)...
2025-03-26 18:41:49,486 - INFO - Looking for 'Buy Now' (ミY潦布) button...
2025-03-26 18:41:49,490 - ERROR - Script failed: Message: no such window: target window already closed
from unknown error: web view not found
  (Session info: chrome=134.0.6998.165)
Stacktrace:
	GetHandleVerifier [0x00007FF7811E4C25+3179557]
	(No symbol) [0x00007FF780E488A0]
	(No symbol) [0x00007FF780CD91CA]
	(No symbol) [0x00007FF780CB1753]
	(No symbol) [0x00007FF780D5F83E]
	(No symbol) [0x00007FF780D7FBE2]
	(No symbol) [0x00007FF780D57A03]
	(No symbol) [0x00007FF780D206D0]
	(No symbol) [0x00007FF780D21983]
	GetHandleVerifier [0x00007FF7812467CD+3579853]
	GetHandleVerifier [0x00007FF78125D1D2+3672530]
	GetHandleVerifier [0x00007FF781252153+3627347]
	GetHandleVerifier [0x00007FF780FB092A+868650]
	(No symbol) [0x00007FF780E52FFF]
	(No symbol) [0x00007FF780E4F4A4]
	(No symbol) [0x00007FF780E4F646]
	(No symbol) [0x00007FF780E3EAA9]
	BaseThreadInitThunk [0x00007FFE5BAC259D+29]
	RtlUserThreadStart [0x00007FFE5DB2AF38+40]

2025-03-26 18:41:49,490 - INFO - Browser will remain open for manual intervention. Close it when done.
2025-03-26 18:41:55,892 - INFO - Navigating to login page...
2025-03-26 18:42:03,921 - INFO - Filling in login credentials...
2025-03-26 18:42:06,105 - INFO - Login successful!
2025-03-26 18:42:06,105 - INFO - Navigating to event page: https://kklivehk.kktix.cc/events/tangsiuhau-imherelive2025
2025-03-26 18:42:14,695 - INFO - Looking for 'Buy Now' (ミY潦布) button...
2025-03-26 18:42:15,736 - INFO - 'Buy Now' button not found, looking for 'Next Step' (U@B) button...
2025-03-26 18:42:16,766 - INFO - Neither 'Buy Now' nor 'Next Step' button found, reloading page (Attempt 1/350000)...
2025-03-26 18:42:17,916 - INFO - Looking for 'Buy Now' (ミY潦布) button...
2025-03-26 18:42:18,944 - INFO - 'Buy Now' button not found, looking for 'Next Step' (U@B) button...
2025-03-26 18:42:19,971 - INFO - Neither 'Buy Now' nor 'Next Step' button found, reloading page (Attempt 2/350000)...
2025-03-26 18:42:20,672 - INFO - Looking for 'Buy Now' (ミY潦布) button...
2025-03-26 18:42:21,713 - INFO - 'Buy Now' button not found, looking for 'Next Step' (U@B) button...
2025-03-26 18:42:22,742 - INFO - Neither 'Buy Now' nor 'Next Step' button found, reloading page (Attempt 3/350000)...
2025-03-26 18:42:23,819 - INFO - Looking for 'Buy Now' (ミY潦布) button...
2025-03-26 18:42:24,849 - INFO - 'Buy Now' button not found, looking for 'Next Step' (U@B) button...
2025-03-26 18:42:25,875 - INFO - Neither 'Buy Now' nor 'Next Step' button found, reloading page (Attempt 4/350000)...
2025-03-26 18:42:26,865 - INFO - Looking for 'Buy Now' (ミY潦布) button...
2025-03-26 18:42:27,896 - INFO - 'Buy Now' button not found, looking for 'Next Step' (U@B) button...
2025-03-26 18:42:28,925 - INFO - Neither 'Buy Now' nor 'Next Step' button found, reloading page (Attempt 5/350000)...
2025-03-26 18:42:29,733 - INFO - Looking for 'Buy Now' (ミY潦布) button...
2025-03-26 18:42:30,766 - INFO - 'Buy Now' button not found, looking for 'Next Step' (U@B) button...
2025-03-26 18:42:31,788 - INFO - Neither 'Buy Now' nor 'Next Step' button found, reloading page (Attempt 6/350000)...
2025-03-26 18:42:32,746 - INFO - Looking for 'Buy Now' (ミY潦布) button...
2025-03-26 18:42:33,765 - INFO - 'Buy Now' button not found, looking for 'Next Step' (U@B) button...
2025-03-26 18:42:34,791 - INFO - Neither 'Buy Now' nor 'Next Step' button found, reloading page (Attempt 7/350000)...
2025-03-26 18:42:36,059 - INFO - Looking for 'Buy Now' (ミY潦布) button...
2025-03-26 18:42:37,082 - INFO - 'Buy Now' button not found, looking for 'Next Step' (U@B) button...
2025-03-26 18:42:38,108 - INFO - Neither 'Buy Now' nor 'Next Step' button found, reloading page (Attempt 8/350000)...
2025-03-26 18:42:38,829 - INFO - Looking for 'Buy Now' (ミY潦布) button...
2025-03-26 18:42:39,853 - INFO - 'Buy Now' button not found, looking for 'Next Step' (U@B) button...
2025-03-26 18:42:40,874 - INFO - Neither 'Buy Now' nor 'Next Step' button found, reloading page (Attempt 9/350000)...
2025-03-26 18:42:41,820 - INFO - Looking for 'Buy Now' (ミY潦布) button...
2025-03-26 18:42:42,849 - INFO - 'Buy Now' button not found, looking for 'Next Step' (U@B) button...
2025-03-26 18:42:43,875 - INFO - Neither 'Buy Now' nor 'Next Step' button found, reloading page (Attempt 10/350000)...
2025-03-26 18:42:44,632 - INFO - Looking for 'Buy Now' (ミY潦布) button...
2025-03-26 18:42:45,662 - INFO - 'Buy Now' button not found, looking for 'Next Step' (U@B) button...
2025-03-26 18:42:46,695 - INFO - Neither 'Buy Now' nor 'Next Step' button found, reloading page (Attempt 11/350000)...
2025-03-26 18:42:47,421 - INFO - Looking for 'Buy Now' (ミY潦布) button...
2025-03-26 18:42:48,451 - INFO - 'Buy Now' button not found, looking for 'Next Step' (U@B) button...
2025-03-26 18:42:49,481 - INFO - Neither 'Buy Now' nor 'Next Step' button found, reloading page (Attempt 12/350000)...
2025-03-26 18:42:50,560 - INFO - Looking for 'Buy Now' (ミY潦布) button...
2025-03-26 18:42:51,591 - INFO - 'Buy Now' button not found, looking for 'Next Step' (U@B) button...
2025-03-26 18:42:52,620 - INFO - Neither 'Buy Now' nor 'Next Step' button found, reloading page (Attempt 13/350000)...
2025-03-26 18:42:53,390 - INFO - Looking for 'Buy Now' (ミY潦布) button...
2025-03-26 18:42:53,952 - ERROR - Script failed: Message: invalid session id: session deleted as the browser has closed the connection
from disconnected: not connected to DevTools
  (Session info: chrome=134.0.6998.165)
Stacktrace:
	GetHandleVerifier [0x00007FF7811E4C25+3179557]
	(No symbol) [0x00007FF780E488A0]
	(No symbol) [0x00007FF780CD91CA]
	(No symbol) [0x00007FF780CC4F85]
	(No symbol) [0x00007FF780CE9F94]
	(No symbol) [0x00007FF780D5F9DF]
	(No symbol) [0x00007FF780D7FBE2]
	(No symbol) [0x00007FF780D57A03]
	(No symbol) [0x00007FF780D206D0]
	(No symbol) [0x00007FF780D21983]
	GetHandleVerifier [0x00007FF7812467CD+3579853]
	GetHandleVerifier [0x00007FF78125D1D2+3672530]
	GetHandleVerifier [0x00007FF781252153+3627347]
	GetHandleVerifier [0x00007FF780FB092A+868650]
	(No symbol) [0x00007FF780E52FFF]
	(No symbol) [0x00007FF780E4F4A4]
	(No symbol) [0x00007FF780E4F646]
	(No symbol) [0x00007FF780E3EAA9]
	BaseThreadInitThunk [0x00007FFE5BAC259D+29]
	RtlUserThreadStart [0x00007FFE5DB2AF38+40]

2025-03-26 18:42:53,952 - INFO - Browser will remain open for manual intervention. Close it when done.
2025-03-26 18:43:12,342 - INFO - Navigating to login page...
2025-03-26 18:43:20,340 - INFO - Filling in login credentials...
2025-03-26 18:43:22,259 - INFO - Login successful!
2025-03-26 18:43:22,260 - INFO - Navigating to event page: https://tix-get-go.kktix.cc/events/jaybhk2025
2025-03-26 18:43:32,378 - INFO - Looking for 'Buy Now' (ミY潦布) button...
2025-03-26 18:43:32,410 - INFO - Found 'Buy Now' button with href: https://kktix.com/events/jaybhk2025/registrations/new
2025-03-26 18:43:40,051 - INFO - Navigating to registration page...
2025-03-26 18:43:40,051 - INFO - On registration page, selecting ticket type and quantity...
2025-03-26 18:43:40,142 - ERROR - Preferred ticket type 'HK$980 VIP' not found.
2025-03-26 18:43:40,144 - ERROR - Failed to complete ticket selection on registration page.
2025-03-26 18:43:40,144 - INFO - Browser will remain open for manual intervention. Close it when done.
2025-03-26 18:55:52,441 - INFO - Navigating to login page...
2025-03-26 18:56:00,760 - INFO - Filling in login credentials...
2025-03-26 18:56:02,731 - INFO - Login successful!
2025-03-26 18:56:02,731 - INFO - Navigating to event page: https://kklivehk.kktix.cc/events/tangsiuhau-imherelive2025
2025-03-26 18:56:12,849 - INFO - Event page loaded, searching for buttons...
2025-03-26 18:56:12,849 - INFO - Looking for 'Buy Now' (ミY潦布) button...
2025-03-26 18:56:13,871 - INFO - 'Buy Now' button not found, looking for 'Next Step' (U@B) button...
2025-03-26 18:56:15,926 - INFO - Neither 'Buy Now' nor 'Next Step' button found, reloading page (Attempt 1/350000)...
2025-03-26 18:56:16,634 - INFO - Event page loaded, searching for buttons...
2025-03-26 18:56:16,634 - INFO - Looking for 'Buy Now' (ミY潦布) button...
2025-03-26 18:56:17,665 - INFO - 'Buy Now' button not found, looking for 'Next Step' (U@B) button...
2025-03-26 18:56:19,721 - INFO - Neither 'Buy Now' nor 'Next Step' button found, reloading page (Attempt 2/350000)...
2025-03-26 18:56:20,532 - INFO - Event page loaded, searching for buttons...
2025-03-26 18:56:20,533 - INFO - Looking for 'Buy Now' (ミY潦布) button...
2025-03-26 18:56:21,557 - INFO - 'Buy Now' button not found, looking for 'Next Step' (U@B) button...
2025-03-26 18:56:23,611 - INFO - Neither 'Buy Now' nor 'Next Step' button found, reloading page (Attempt 3/350000)...
2025-03-26 18:56:24,387 - INFO - Event page loaded, searching for buttons...
2025-03-26 18:56:24,387 - INFO - Looking for 'Buy Now' (ミY潦布) button...
2025-03-26 18:56:25,409 - INFO - 'Buy Now' button not found, looking for 'Next Step' (U@B) button...
2025-03-26 18:56:27,457 - INFO - Neither 'Buy Now' nor 'Next Step' button found, reloading page (Attempt 4/350000)...
2025-03-26 18:56:28,143 - INFO - Event page loaded, searching for buttons...
2025-03-26 18:56:28,143 - INFO - Looking for 'Buy Now' (ミY潦布) button...
2025-03-26 18:56:29,167 - INFO - 'Buy Now' button not found, looking for 'Next Step' (U@B) button...
2025-03-26 18:56:31,303 - INFO - Neither 'Buy Now' nor 'Next Step' button found, reloading page (Attempt 5/350000)...
2025-03-26 18:56:31,957 - INFO - Event page loaded, searching for buttons...
2025-03-26 18:56:31,958 - INFO - Looking for 'Buy Now' (ミY潦布) button...
2025-03-26 18:56:32,996 - INFO - 'Buy Now' button not found, looking for 'Next Step' (U@B) button...
2025-03-26 18:56:35,048 - INFO - Neither 'Buy Now' nor 'Next Step' button found, reloading page (Attempt 6/350000)...
2025-03-26 18:56:35,746 - INFO - Event page loaded, searching for buttons...
2025-03-26 18:56:35,746 - INFO - Looking for 'Buy Now' (ミY潦布) button...
2025-03-26 18:56:36,766 - INFO - 'Buy Now' button not found, looking for 'Next Step' (U@B) button...
2025-03-26 18:56:37,307 - ERROR - Script failed: Message: invalid session id: session deleted as the browser has closed the connection
from disconnected: not connected to DevTools
  (Session info: chrome=134.0.6998.165)
Stacktrace:
	GetHandleVerifier [0x00007FF7811E4C25+3179557]
	(No symbol) [0x00007FF780E488A0]
	(No symbol) [0x00007FF780CD91CA]
	(No symbol) [0x00007FF780CC4F85]
	(No symbol) [0x00007FF780CE9F94]
	(No symbol) [0x00007FF780D5F9DF]
	(No symbol) [0x00007FF780D7FBE2]
	(No symbol) [0x00007FF780D57A03]
	(No symbol) [0x00007FF780D206D0]
	(No symbol) [0x00007FF780D21983]
	GetHandleVerifier [0x00007FF7812467CD+3579853]
	GetHandleVerifier [0x00007FF78125D1D2+3672530]
	GetHandleVerifier [0x00007FF781252153+3627347]
	GetHandleVerifier [0x00007FF780FB092A+868650]
	(No symbol) [0x00007FF780E52FFF]
	(No symbol) [0x00007FF780E4F4A4]
	(No symbol) [0x00007FF780E4F646]
	(No symbol) [0x00007FF780E3EAA9]
	BaseThreadInitThunk [0x00007FFE5BAC259D+29]
	RtlUserThreadStart [0x00007FFE5DB2AF38+40]

2025-03-26 18:56:37,307 - INFO - Browser will remain open for manual intervention. Close it when done.
2025-03-26 18:57:25,869 - INFO - Navigating to login page...
2025-03-26 18:57:33,690 - INFO - Filling in login credentials...
2025-03-26 18:57:35,812 - INFO - Login successful!
2025-03-26 18:57:35,812 - INFO - Navigating to event page: https://riversidelivehouse.kktix.cc/events/20250328-0106-b
2025-03-26 18:57:40,127 - INFO - Event page loaded, searching for buttons...
2025-03-26 18:57:40,127 - INFO - Looking for 'Buy Now' (ミY潦布) button...
2025-03-26 18:57:41,155 - INFO - 'Buy Now' button not found, looking for 'Next Step' (U@B) button...
2025-03-26 18:57:43,209 - INFO - Neither 'Buy Now' nor 'Next Step' button found, reloading page (Attempt 1/350000)...
2025-03-26 18:57:43,983 - INFO - Event page loaded, searching for buttons...
2025-03-26 18:57:43,983 - INFO - Looking for 'Buy Now' (ミY潦布) button...
2025-03-26 18:57:45,012 - INFO - 'Buy Now' button not found, looking for 'Next Step' (U@B) button...
2025-03-26 18:57:47,073 - INFO - Neither 'Buy Now' nor 'Next Step' button found, reloading page (Attempt 2/350000)...
2025-03-26 18:57:47,697 - INFO - Event page loaded, searching for buttons...
2025-03-26 18:57:47,697 - INFO - Looking for 'Buy Now' (ミY潦布) button...
2025-03-26 18:57:48,729 - INFO - 'Buy Now' button not found, looking for 'Next Step' (U@B) button...
2025-03-26 18:57:50,784 - INFO - Neither 'Buy Now' nor 'Next Step' button found, reloading page (Attempt 3/350000)...
2025-03-26 18:57:52,458 - INFO - Event page loaded, searching for buttons...
2025-03-26 18:57:52,458 - INFO - Looking for 'Buy Now' (ミY潦布) button...
2025-03-26 18:57:53,479 - INFO - 'Buy Now' button not found, looking for 'Next Step' (U@B) button...
2025-03-26 18:57:55,530 - INFO - Neither 'Buy Now' nor 'Next Step' button found, reloading page (Attempt 4/350000)...
2025-03-26 18:57:56,126 - INFO - Event page loaded, searching for buttons...
2025-03-26 18:57:56,127 - INFO - Looking for 'Buy Now' (ミY潦布) button...
2025-03-26 18:57:57,162 - INFO - 'Buy Now' button not found, looking for 'Next Step' (U@B) button...
2025-03-26 18:57:59,219 - INFO - Neither 'Buy Now' nor 'Next Step' button found, reloading page (Attempt 5/350000)...
2025-03-26 18:57:59,921 - INFO - Event page loaded, searching for buttons...
2025-03-26 18:57:59,921 - INFO - Looking for 'Buy Now' (ミY潦布) button...
2025-03-26 18:58:00,951 - INFO - 'Buy Now' button not found, looking for 'Next Step' (U@B) button...
2025-03-26 18:58:03,002 - INFO - Neither 'Buy Now' nor 'Next Step' button found, reloading page (Attempt 6/350000)...
2025-03-26 18:58:03,653 - INFO - Event page loaded, searching for buttons...
2025-03-26 18:58:03,653 - INFO - Looking for 'Buy Now' (ミY潦布) button...
2025-03-26 18:58:04,679 - INFO - 'Buy Now' button not found, looking for 'Next Step' (U@B) button...
2025-03-26 18:58:06,740 - INFO - Neither 'Buy Now' nor 'Next Step' button found, reloading page (Attempt 7/350000)...
2025-03-26 18:58:07,394 - INFO - Event page loaded, searching for buttons...
2025-03-26 18:58:07,394 - INFO - Looking for 'Buy Now' (ミY潦布) button...
2025-03-26 18:58:08,416 - INFO - 'Buy Now' button not found, looking for 'Next Step' (U@B) button...
2025-03-26 18:58:10,472 - INFO - Neither 'Buy Now' nor 'Next Step' button found, reloading page (Attempt 8/350000)...
2025-03-26 18:58:11,228 - INFO - Event page loaded, searching for buttons...
2025-03-26 18:58:11,228 - INFO - Looking for 'Buy Now' (ミY潦布) button...
2025-03-26 18:58:12,256 - INFO - 'Buy Now' button not found, looking for 'Next Step' (U@B) button...
2025-03-26 18:58:14,302 - INFO - Neither 'Buy Now' nor 'Next Step' button found, reloading page (Attempt 9/350000)...
2025-03-26 18:58:15,008 - INFO - Event page loaded, searching for buttons...
2025-03-26 18:58:15,008 - INFO - Looking for 'Buy Now' (ミY潦布) button...
2025-03-26 18:58:16,030 - INFO - 'Buy Now' button not found, looking for 'Next Step' (U@B) button...
2025-03-26 18:58:18,077 - INFO - Neither 'Buy Now' nor 'Next Step' button found, reloading page (Attempt 10/350000)...
2025-03-26 18:58:19,228 - INFO - Event page loaded, searching for buttons...
2025-03-26 18:58:19,228 - INFO - Looking for 'Buy Now' (ミY潦布) button...
2025-03-26 18:58:20,247 - INFO - 'Buy Now' button not found, looking for 'Next Step' (U@B) button...
2025-03-26 18:58:22,298 - INFO - Neither 'Buy Now' nor 'Next Step' button found, reloading page (Attempt 11/350000)...
2025-03-26 18:58:22,980 - INFO - Event page loaded, searching for buttons...
2025-03-26 18:58:22,980 - INFO - Looking for 'Buy Now' (ミY潦布) button...
2025-03-26 18:58:24,006 - INFO - 'Buy Now' button not found, looking for 'Next Step' (U@B) button...
2025-03-26 18:58:26,065 - INFO - Neither 'Buy Now' nor 'Next Step' button found, reloading page (Attempt 12/350000)...
2025-03-26 18:58:26,755 - INFO - Event page loaded, searching for buttons...
2025-03-26 18:58:26,756 - INFO - Looking for 'Buy Now' (ミY潦布) button...
2025-03-26 18:58:27,788 - INFO - 'Buy Now' button not found, looking for 'Next Step' (U@B) button...
2025-03-26 18:58:29,835 - INFO - Neither 'Buy Now' nor 'Next Step' button found, reloading page (Attempt 13/350000)...
2025-03-26 18:58:30,491 - INFO - Event page loaded, searching for buttons...
2025-03-26 18:58:30,492 - INFO - Looking for 'Buy Now' (ミY潦布) button...
2025-03-26 18:58:31,512 - INFO - 'Buy Now' button not found, looking for 'Next Step' (U@B) button...
2025-03-26 18:58:33,567 - INFO - Neither 'Buy Now' nor 'Next Step' button found, reloading page (Attempt 14/350000)...
2025-03-26 18:58:34,277 - INFO - Event page loaded, searching for buttons...
2025-03-26 18:58:34,277 - INFO - Looking for 'Buy Now' (ミY潦布) button...
2025-03-26 18:58:35,301 - INFO - 'Buy Now' button not found, looking for 'Next Step' (U@B) button...
2025-03-26 18:58:37,348 - INFO - Neither 'Buy Now' nor 'Next Step' button found, reloading page (Attempt 15/350000)...
2025-03-26 18:58:38,036 - INFO - Event page loaded, searching for buttons...
2025-03-26 18:58:38,036 - INFO - Looking for 'Buy Now' (ミY潦布) button...
2025-03-26 18:58:39,057 - INFO - 'Buy Now' button not found, looking for 'Next Step' (U@B) button...
2025-03-26 18:58:41,108 - INFO - Neither 'Buy Now' nor 'Next Step' button found, reloading page (Attempt 16/350000)...
2025-03-26 18:58:41,832 - INFO - Event page loaded, searching for buttons...
2025-03-26 18:58:41,832 - INFO - Looking for 'Buy Now' (ミY潦布) button...
2025-03-26 18:58:42,874 - INFO - 'Buy Now' button not found, looking for 'Next Step' (U@B) button...
2025-03-26 18:58:44,917 - INFO - Neither 'Buy Now' nor 'Next Step' button found, reloading page (Attempt 17/350000)...
2025-03-26 18:58:45,599 - INFO - Event page loaded, searching for buttons...
2025-03-26 18:58:45,600 - INFO - Looking for 'Buy Now' (ミY潦布) button...
2025-03-26 18:58:46,632 - INFO - 'Buy Now' button not found, looking for 'Next Step' (U@B) button...
2025-03-26 18:58:48,691 - INFO - Neither 'Buy Now' nor 'Next Step' button found, reloading page (Attempt 18/350000)...
2025-03-26 18:58:49,636 - INFO - Event page loaded, searching for buttons...
2025-03-26 18:58:49,636 - INFO - Looking for 'Buy Now' (ミY潦布) button...
2025-03-26 18:58:50,666 - INFO - 'Buy Now' button not found, looking for 'Next Step' (U@B) button...
2025-03-26 18:58:52,739 - INFO - Neither 'Buy Now' nor 'Next Step' button found, reloading page (Attempt 19/350000)...
2025-03-26 18:58:53,361 - INFO - Event page loaded, searching for buttons...
2025-03-26 18:58:53,361 - INFO - Looking for 'Buy Now' (ミY潦布) button...
2025-03-26 18:58:54,392 - INFO - 'Buy Now' button not found, looking for 'Next Step' (U@B) button...
2025-03-26 18:58:56,451 - INFO - Neither 'Buy Now' nor 'Next Step' button found, reloading page (Attempt 20/350000)...
2025-03-26 18:58:57,183 - INFO - Event page loaded, searching for buttons...
2025-03-26 18:58:57,183 - INFO - Looking for 'Buy Now' (ミY潦布) button...
2025-03-26 18:58:58,209 - INFO - 'Buy Now' button not found, looking for 'Next Step' (U@B) button...
2025-03-26 18:59:00,264 - INFO - Neither 'Buy Now' nor 'Next Step' button found, reloading page (Attempt 21/350000)...
2025-03-26 18:59:00,953 - INFO - Event page loaded, searching for buttons...
2025-03-26 18:59:00,953 - INFO - Looking for 'Buy Now' (ミY潦布) button...
2025-03-26 18:59:01,982 - INFO - 'Buy Now' button not found, looking for 'Next Step' (U@B) button...
2025-03-26 18:59:04,037 - INFO - Neither 'Buy Now' nor 'Next Step' button found, reloading page (Attempt 22/350000)...
2025-03-26 18:59:04,700 - INFO - Event page loaded, searching for buttons...
2025-03-26 18:59:04,701 - INFO - Looking for 'Buy Now' (ミY潦布) button...
2025-03-26 18:59:05,730 - INFO - 'Buy Now' button not found, looking for 'Next Step' (U@B) button...
2025-03-26 18:59:07,786 - INFO - Neither 'Buy Now' nor 'Next Step' button found, reloading page (Attempt 23/350000)...
2025-03-26 18:59:08,620 - INFO - Event page loaded, searching for buttons...
2025-03-26 18:59:08,620 - INFO - Looking for 'Buy Now' (ミY潦布) button...
2025-03-26 18:59:09,654 - INFO - 'Buy Now' button not found, looking for 'Next Step' (U@B) button...
2025-03-26 18:59:11,708 - INFO - Neither 'Buy Now' nor 'Next Step' button found, reloading page (Attempt 24/350000)...
2025-03-26 18:59:12,476 - INFO - Event page loaded, searching for buttons...
2025-03-26 18:59:12,476 - INFO - Looking for 'Buy Now' (ミY潦布) button...
2025-03-26 18:59:13,513 - INFO - 'Buy Now' button not found, looking for 'Next Step' (U@B) button...
2025-03-26 18:59:15,572 - INFO - Neither 'Buy Now' nor 'Next Step' button found, reloading page (Attempt 25/350000)...
2025-03-26 18:59:16,305 - INFO - Event page loaded, searching for buttons...
2025-03-26 18:59:16,305 - INFO - Looking for 'Buy Now' (ミY潦布) button...
2025-03-26 18:59:17,338 - INFO - 'Buy Now' button not found, looking for 'Next Step' (U@B) button...
2025-03-26 18:59:19,390 - INFO - Neither 'Buy Now' nor 'Next Step' button found, reloading page (Attempt 26/350000)...
2025-03-26 18:59:20,145 - INFO - Event page loaded, searching for buttons...
2025-03-26 18:59:20,146 - INFO - Looking for 'Buy Now' (ミY潦布) button...
2025-03-26 18:59:21,169 - INFO - 'Buy Now' button not found, looking for 'Next Step' (U@B) button...
2025-03-26 18:59:23,229 - INFO - Neither 'Buy Now' nor 'Next Step' button found, reloading page (Attempt 27/350000)...
2025-03-26 18:59:24,002 - INFO - Event page loaded, searching for buttons...
2025-03-26 18:59:24,002 - INFO - Looking for 'Buy Now' (ミY潦布) button...
2025-03-26 18:59:25,033 - INFO - 'Buy Now' button not found, looking for 'Next Step' (U@B) button...
2025-03-26 18:59:27,090 - INFO - Neither 'Buy Now' nor 'Next Step' button found, reloading page (Attempt 28/350000)...
2025-03-26 18:59:27,893 - INFO - Event page loaded, searching for buttons...
2025-03-26 18:59:27,893 - INFO - Looking for 'Buy Now' (ミY潦布) button...
2025-03-26 18:59:28,924 - INFO - 'Buy Now' button not found, looking for 'Next Step' (U@B) button...
2025-03-26 18:59:30,975 - INFO - Neither 'Buy Now' nor 'Next Step' button found, reloading page (Attempt 29/350000)...
2025-03-26 18:59:31,727 - INFO - Event page loaded, searching for buttons...
2025-03-26 18:59:31,727 - INFO - Looking for 'Buy Now' (ミY潦布) button...
2025-03-26 18:59:32,750 - INFO - 'Buy Now' button not found, looking for 'Next Step' (U@B) button...
2025-03-26 18:59:34,804 - INFO - Neither 'Buy Now' nor 'Next Step' button found, reloading page (Attempt 30/350000)...
2025-03-26 18:59:35,642 - INFO - Event page loaded, searching for buttons...
2025-03-26 18:59:35,642 - INFO - Looking for 'Buy Now' (ミY潦布) button...
2025-03-26 18:59:36,666 - INFO - 'Buy Now' button not found, looking for 'Next Step' (U@B) button...
2025-03-26 18:59:38,720 - INFO - Neither 'Buy Now' nor 'Next Step' button found, reloading page (Attempt 31/350000)...
2025-03-26 18:59:39,425 - INFO - Event page loaded, searching for buttons...
2025-03-26 18:59:39,425 - INFO - Looking for 'Buy Now' (ミY潦布) button...
2025-03-26 18:59:40,447 - INFO - 'Buy Now' button not found, looking for 'Next Step' (U@B) button...
2025-03-26 18:59:42,493 - INFO - Neither 'Buy Now' nor 'Next Step' button found, reloading page (Attempt 32/350000)...
2025-03-26 18:59:43,158 - INFO - Event page loaded, searching for buttons...
2025-03-26 18:59:43,158 - INFO - Looking for 'Buy Now' (ミY潦布) button...
2025-03-26 18:59:44,196 - INFO - 'Buy Now' button not found, looking for 'Next Step' (U@B) button...
2025-03-26 18:59:46,313 - INFO - Neither 'Buy Now' nor 'Next Step' button found, reloading page (Attempt 33/350000)...
2025-03-26 18:59:46,314 - ERROR - Script failed: Message: no such window: target window already closed
from unknown error: web view not found
  (Session info: chrome=134.0.6998.165)
Stacktrace:
	GetHandleVerifier [0x00007FF7811E4C25+3179557]
	(No symbol) [0x00007FF780E488A0]
	(No symbol) [0x00007FF780CD91CA]
	(No symbol) [0x00007FF780CB1753]
	(No symbol) [0x00007FF780D5F83E]
	(No symbol) [0x00007FF780D7FBE2]
	(No symbol) [0x00007FF780D57A03]
	(No symbol) [0x00007FF780D206D0]
	(No symbol) [0x00007FF780D21983]
	GetHandleVerifier [0x00007FF7812467CD+3579853]
	GetHandleVerifier [0x00007FF78125D1D2+3672530]
	GetHandleVerifier [0x00007FF781252153+3627347]
	GetHandleVerifier [0x00007FF780FB092A+868650]
	(No symbol) [0x00007FF780E52FFF]
	(No symbol) [0x00007FF780E4F4A4]
	(No symbol) [0x00007FF780E4F646]
	(No symbol) [0x00007FF780E3EAA9]
	BaseThreadInitThunk [0x00007FFE5BAC259D+29]
	RtlUserThreadStart [0x00007FFE5DB2AF38+40]

2025-03-26 18:59:46,315 - INFO - Browser will remain open for manual intervention. Close it when done.
2025-03-26 18:59:50,394 - INFO - Navigating to login page...
2025-03-26 18:59:58,375 - INFO - Filling in login credentials...
2025-03-26 19:00:00,585 - INFO - Login successful!
2025-03-26 19:00:00,585 - INFO - Navigating to event page: https://kklivehk.kktix.cc/events/tangsiuhau-imherelive2025
2025-03-26 19:00:11,673 - INFO - Event page loaded, searching for buttons...
2025-03-26 19:00:11,673 - INFO - Looking for 'Buy Now' (ミY潦布) button...
2025-03-26 19:00:12,706 - INFO - 'Buy Now' button not found, looking for 'Next Step' (U@B) button...
2025-03-26 19:00:15,808 - INFO - Neither 'Buy Now' nor 'Next Step' button found, reloading page (Attempt 1/350000)...
2025-03-26 19:00:17,470 - INFO - Event page loaded, searching for buttons...
2025-03-26 19:00:17,470 - INFO - Looking for 'Buy Now' (ミY潦布) button...
2025-03-26 19:00:18,492 - INFO - 'Buy Now' button not found, looking for 'Next Step' (U@B) button...
2025-03-26 19:00:21,604 - INFO - Neither 'Buy Now' nor 'Next Step' button found, reloading page (Attempt 2/350000)...
2025-03-26 19:00:23,348 - INFO - Event page loaded, searching for buttons...
2025-03-26 19:00:23,348 - INFO - Looking for 'Buy Now' (ミY潦布) button...
2025-03-26 19:00:24,367 - INFO - 'Buy Now' button not found, looking for 'Next Step' (U@B) button...
2025-03-26 19:00:27,432 - INFO - Neither 'Buy Now' nor 'Next Step' button found, reloading page (Attempt 3/350000)...
2025-03-26 19:00:29,214 - INFO - Event page loaded, searching for buttons...
2025-03-26 19:00:29,214 - INFO - Looking for 'Buy Now' (ミY潦布) button...
2025-03-26 19:00:30,230 - INFO - 'Buy Now' button not found, looking for 'Next Step' (U@B) button...
2025-03-26 19:00:33,295 - INFO - Neither 'Buy Now' nor 'Next Step' button found, reloading page (Attempt 4/350000)...
2025-03-26 19:00:35,143 - INFO - Event page loaded, searching for buttons...
2025-03-26 19:00:35,143 - INFO - Looking for 'Buy Now' (ミY潦布) button...
2025-03-26 19:00:36,172 - INFO - 'Buy Now' button not found, looking for 'Next Step' (U@B) button...
2025-03-26 19:00:39,250 - INFO - Neither 'Buy Now' nor 'Next Step' button found, reloading page (Attempt 5/350000)...
2025-03-26 19:00:41,077 - INFO - Event page loaded, searching for buttons...
2025-03-26 19:00:41,077 - INFO - Looking for 'Buy Now' (ミY潦布) button...
2025-03-26 19:00:42,102 - INFO - 'Buy Now' button not found, looking for 'Next Step' (U@B) button...
2025-03-26 19:00:45,162 - INFO - Neither 'Buy Now' nor 'Next Step' button found, reloading page (Attempt 6/350000)...
2025-03-26 19:00:46,799 - INFO - Event page loaded, searching for buttons...
2025-03-26 19:00:46,799 - INFO - Looking for 'Buy Now' (ミY潦布) button...
2025-03-26 19:00:47,820 - INFO - 'Buy Now' button not found, looking for 'Next Step' (U@B) button...
2025-03-26 19:00:50,888 - INFO - Neither 'Buy Now' nor 'Next Step' button found, reloading page (Attempt 7/350000)...
2025-03-26 19:00:52,637 - INFO - Event page loaded, searching for buttons...
2025-03-26 19:00:52,637 - INFO - Looking for 'Buy Now' (ミY潦布) button...
2025-03-26 19:00:53,662 - INFO - 'Buy Now' button not found, looking for 'Next Step' (U@B) button...
2025-03-26 19:00:56,729 - INFO - Neither 'Buy Now' nor 'Next Step' button found, reloading page (Attempt 8/350000)...
2025-03-26 19:00:58,432 - INFO - Event page loaded, searching for buttons...
2025-03-26 19:00:58,432 - INFO - Looking for 'Buy Now' (ミY潦布) button...
2025-03-26 19:00:59,454 - INFO - 'Buy Now' button not found, looking for 'Next Step' (U@B) button...
2025-03-26 19:01:02,526 - INFO - Neither 'Buy Now' nor 'Next Step' button found, reloading page (Attempt 9/350000)...
2025-03-26 19:01:04,280 - INFO - Event page loaded, searching for buttons...
2025-03-26 19:01:04,280 - INFO - Looking for 'Buy Now' (ミY潦布) button...
2025-03-26 19:01:05,302 - INFO - 'Buy Now' button not found, looking for 'Next Step' (U@B) button...
2025-03-26 19:01:08,367 - INFO - Neither 'Buy Now' nor 'Next Step' button found, reloading page (Attempt 10/350000)...
2025-03-26 19:01:10,091 - INFO - Event page loaded, searching for buttons...
2025-03-26 19:01:10,091 - INFO - Looking for 'Buy Now' (ミY潦布) button...
2025-03-26 19:01:11,130 - INFO - 'Buy Now' button not found, looking for 'Next Step' (U@B) button...
2025-03-26 19:01:14,200 - INFO - Neither 'Buy Now' nor 'Next Step' button found, reloading page (Attempt 11/350000)...
2025-03-26 19:01:15,949 - INFO - Event page loaded, searching for buttons...
2025-03-26 19:01:15,949 - INFO - Looking for 'Buy Now' (ミY潦布) button...
2025-03-26 19:01:16,972 - INFO - 'Buy Now' button not found, looking for 'Next Step' (U@B) button...
2025-03-26 19:01:20,061 - INFO - Neither 'Buy Now' nor 'Next Step' button found, reloading page (Attempt 12/350000)...
2025-03-26 19:01:22,019 - INFO - Event page loaded, searching for buttons...
2025-03-26 19:01:22,019 - INFO - Looking for 'Buy Now' (ミY潦布) button...
2025-03-26 19:01:23,069 - INFO - 'Buy Now' button not found, looking for 'Next Step' (U@B) button...
2025-03-26 19:01:23,974 - INFO - Browser will remain open for manual intervention. Close it when done.
2025-03-26 19:07:44,727 - INFO - Navigating to login page...
2025-03-26 19:07:53,139 - INFO - Filling in login credentials...
2025-03-26 19:07:55,074 - INFO - Login successful!
2025-03-26 19:07:55,074 - INFO - Navigating to event page: https://kklivehk.kktix.cc/events/tangsiuhau-imherelive2025
2025-03-26 19:08:21,045 - INFO - Event page loaded, searching for buttons...
2025-03-26 19:08:21,063 - INFO - Looking for 'Buy Now' (ミY潦布) button...
2025-03-26 19:08:23,113 - INFO - 'Buy Now' button not found, looking for 'Next Step' (U@B) button...
2025-03-26 19:08:23,126 - INFO - Found 2 potential buttons leading to /registrations/new.
2025-03-26 19:08:23,145 - INFO - Button 1: href=https://kktix.com/events/tangsiuhau-imherelive2025-0405/registrations/new, text=Next Step
2025-03-26 19:08:23,157 - INFO - Button 2: href=https://kktix.com/events/tangsiuhau-imherelive2025-0406/registrations/new, text=Next Step
2025-03-26 19:08:23,167 - INFO - Selected 'Next Step' button with href: https://kktix.com/events/tangsiuhau-imherelive2025-0405/registrations/new
2025-03-26 19:08:33,811 - INFO - Navigating to registration page...
2025-03-26 19:08:33,811 - INFO - On registration page, selecting ticket type and quantity...
2025-03-26 19:08:35,406 - ERROR - Preferred ticket type 'HK$980 VIP' not found. Available ticket types: ['A - $780', 'B - $580', 'C - $480']
2025-03-26 19:08:35,406 - ERROR - Failed to complete ticket selection on registration page.
2025-03-26 19:08:35,406 - INFO - Browser will remain open for manual intervention. Close it when done.
2025-03-26 19:09:30,033 - INFO - Navigating to login page...
2025-03-26 19:09:38,268 - INFO - Filling in login credentials...
2025-03-26 19:09:43,089 - INFO - Login successful!
2025-03-26 19:09:43,089 - INFO - Navigating to event page: https://edproduction.kktix.cc/events/chiaifujikawa-livetour-hk-2025
2025-03-26 19:10:06,711 - INFO - Event page loaded, searching for buttons...
2025-03-26 19:10:06,740 - INFO - Looking for 'Buy Now' (ミY潦布) button...
2025-03-26 19:10:06,787 - INFO - Found 'Buy Now' button with href: https://kktix.com/events/chiaifujikawa-livetour-hk-2025/registrations/new
2025-03-26 19:10:17,611 - INFO - Navigating to registration page...
2025-03-26 19:10:17,611 - INFO - On registration page, selecting ticket type and quantity...
2025-03-26 19:10:19,189 - INFO - Found preferred ticket type: HK$980 VIP
2025-03-26 19:10:19,201 - ERROR - Error on registration page: Element not found - Message: no such element: Unable to locate element: {"method":"css selector","selector":"select[name="ticket[quantity]"]"}
  (Session info: chrome=134.0.6998.165); For documentation on this error, please visit: https://www.selenium.dev/documentation/webdriver/troubleshooting/errors#no-such-element-exception
Stacktrace:
	GetHandleVerifier [0x00007FF7811E4C25+3179557]
	(No symbol) [0x00007FF780E488A0]
	(No symbol) [0x00007FF780CD91CA]
	(No symbol) [0x00007FF780D2FA67]
	(No symbol) [0x00007FF780D2FC9C]
	(No symbol) [0x00007FF780D2240C]
	(No symbol) [0x00007FF780D57C6F]
	(No symbol) [0x00007FF780D222D6]
	(No symbol) [0x00007FF780D57E40]
	(No symbol) [0x00007FF780D802F3]
	(No symbol) [0x00007FF780D57A03]
	(No symbol) [0x00007FF780D206D0]
	(No symbol) [0x00007FF780D21983]
	GetHandleVerifier [0x00007FF7812467CD+3579853]
	GetHandleVerifier [0x00007FF78125D1D2+3672530]
	GetHandleVerifier [0x00007FF781252153+3627347]
	GetHandleVerifier [0x00007FF780FB092A+868650]
	(No symbol) [0x00007FF780E52FFF]
	(No symbol) [0x00007FF780E4F4A4]
	(No symbol) [0x00007FF780E4F646]
	(No symbol) [0x00007FF780E3EAA9]
	BaseThreadInitThunk [0x00007FFE5BAC259D+29]
	RtlUserThreadStart [0x00007FFE5DB2AF38+40]

2025-03-26 19:10:19,202 - ERROR - Failed to complete ticket selection on registration page.
2025-03-26 19:10:19,202 - INFO - Browser will remain open for manual intervention. Close it when done.
2025-03-26 19:13:48,785 - INFO - Navigating to login page...
2025-03-26 19:13:56,816 - INFO - Filling in login credentials...
2025-03-26 19:13:58,946 - INFO - Login successful!
2025-03-26 19:13:58,946 - INFO - Navigating to event page: https://edproduction.kktix.cc/events/chiaifujikawa-livetour-hk-2025
2025-03-26 19:14:25,863 - INFO - Event page loaded, searching for buttons...
2025-03-26 19:14:25,883 - INFO - Looking for 'Buy Now' (ミY潦布) button...
2025-03-26 19:14:25,917 - INFO - Found 'Buy Now' button with href: https://kktix.com/events/chiaifujikawa-livetour-hk-2025/registrations/new
2025-03-26 19:14:33,563 - INFO - Navigating to registration page...
2025-03-26 19:14:33,564 - INFO - On registration page, selecting ticket type and quantity...
2025-03-26 19:14:33,614 - INFO - Found preferred ticket type: HK$980 VIP
2025-03-26 19:14:33,626 - ERROR - Error on registration page: Element not found - Message: no such element: Unable to locate element: {"method":"css selector","selector":"select[name="ticket[quantity]"]"}
  (Session info: chrome=134.0.6998.165); For documentation on this error, please visit: https://www.selenium.dev/documentation/webdriver/troubleshooting/errors#no-such-element-exception
Stacktrace:
	GetHandleVerifier [0x00007FF7811E4C25+3179557]
	(No symbol) [0x00007FF780E488A0]
	(No symbol) [0x00007FF780CD91CA]
	(No symbol) [0x00007FF780D2FA67]
	(No symbol) [0x00007FF780D2FC9C]
	(No symbol) [0x00007FF780D2240C]
	(No symbol) [0x00007FF780D57C6F]
	(No symbol) [0x00007FF780D222D6]
	(No symbol) [0x00007FF780D57E40]
	(No symbol) [0x00007FF780D802F3]
	(No symbol) [0x00007FF780D57A03]
	(No symbol) [0x00007FF780D206D0]
	(No symbol) [0x00007FF780D21983]
	GetHandleVerifier [0x00007FF7812467CD+3579853]
	GetHandleVerifier [0x00007FF78125D1D2+3672530]
	GetHandleVerifier [0x00007FF781252153+3627347]
	GetHandleVerifier [0x00007FF780FB092A+868650]
	(No symbol) [0x00007FF780E52FFF]
	(No symbol) [0x00007FF780E4F4A4]
	(No symbol) [0x00007FF780E4F646]
	(No symbol) [0x00007FF780E3EAA9]
	BaseThreadInitThunk [0x00007FFE5BAC259D+29]
	RtlUserThreadStart [0x00007FFE5DB2AF38+40]

2025-03-26 19:14:33,626 - ERROR - Failed to complete ticket selection on registration page.
2025-03-26 19:14:33,626 - INFO - Browser will remain open for manual intervention. Close it when done.
2025-03-26 19:15:24,425 - INFO - Navigating to login page...
2025-03-26 19:15:32,567 - INFO - Filling in login credentials...
2025-03-26 19:15:35,594 - INFO - Login successful!
2025-03-26 19:15:35,594 - INFO - Navigating to event page: https://edproduction.kktix.cc/events/chiaifujikawa-livetour-hk-2025
2025-03-26 19:15:57,092 - INFO - Event page loaded, searching for buttons...
2025-03-26 19:15:57,109 - INFO - Looking for 'Buy Now' (ミY潦布) button...
2025-03-26 19:15:57,145 - INFO - Found 'Buy Now' button with href: https://kktix.com/events/chiaifujikawa-livetour-hk-2025/registrations/new
2025-03-26 19:16:03,287 - INFO - Navigating to registration page...
2025-03-26 19:16:03,287 - INFO - On registration page, selecting ticket type and quantity...
2025-03-26 19:16:03,289 - ERROR - Error on registration page: Message: no such window: target window already closed
from unknown error: web view not found
  (Session info: chrome=134.0.6998.165)
Stacktrace:
	GetHandleVerifier [0x00007FF7811E4C25+3179557]
	(No symbol) [0x00007FF780E488A0]
	(No symbol) [0x00007FF780CD91CA]
	(No symbol) [0x00007FF780CB1753]
	(No symbol) [0x00007FF780D5F83E]
	(No symbol) [0x00007FF780D7FBE2]
	(No symbol) [0x00007FF780D57A03]
	(No symbol) [0x00007FF780D206D0]
	(No symbol) [0x00007FF780D21983]
	GetHandleVerifier [0x00007FF7812467CD+3579853]
	GetHandleVerifier [0x00007FF78125D1D2+3672530]
	GetHandleVerifier [0x00007FF781252153+3627347]
	GetHandleVerifier [0x00007FF780FB092A+868650]
	(No symbol) [0x00007FF780E52FFF]
	(No symbol) [0x00007FF780E4F4A4]
	(No symbol) [0x00007FF780E4F646]
	(No symbol) [0x00007FF780E3EAA9]
	BaseThreadInitThunk [0x00007FFE5BAC259D+29]
	RtlUserThreadStart [0x00007FFE5DB2AF38+40]

2025-03-26 19:16:03,289 - ERROR - Failed to complete ticket selection on registration page.
2025-03-26 19:16:03,289 - INFO - Browser will remain open for manual intervention. Close it when done.
2025-03-26 20:44:06,103 - WARNING - Error sending stats to Plausible: error sending request for url (https://plausible.io/api/event)
2025-03-26 20:44:07,541 - INFO - Navigating to login page...
2025-03-26 20:44:15,474 - INFO - Filling in login credentials...
2025-03-26 20:44:26,623 - ERROR - Login failed: Timeout waiting for elements - Message: 

2025-03-26 20:44:26,623 - ERROR - Script failed: Message: 

2025-03-26 20:44:26,623 - INFO - Browser will remain open for manual intervention. Close it when done.
2025-03-26 20:44:56,685 - INFO - Navigating to login page...
2025-03-26 20:45:04,550 - INFO - Filling in login credentials...
2025-03-26 20:45:06,926 - INFO - Login successful!
2025-03-26 20:45:06,927 - INFO - Navigating to event page: https://edproduction.kktix.cc/events/chiaifujikawa-livetour-hk-2025
2025-03-26 20:45:33,367 - INFO - Event page loaded, searching for buttons...
2025-03-26 20:45:33,383 - INFO - Looking for 'Buy Now' (ミY潦布) button...
2025-03-26 20:45:33,413 - INFO - Found 'Buy Now' button with href: https://kktix.com/events/chiaifujikawa-livetour-hk-2025/registrations/new
2025-03-26 20:45:35,046 - INFO - Navigating to registration page...
2025-03-26 20:45:35,046 - INFO - On registration page, selecting ticket type and quantity...
2025-03-26 20:45:35,047 - ERROR - Error on registration page: Message: no such window: target window already closed
from unknown error: web view not found
  (Session info: chrome=134.0.6998.165)
Stacktrace:
	GetHandleVerifier [0x00007FF73B624C25+3179557]
	(No symbol) [0x00007FF73B2888A0]
	(No symbol) [0x00007FF73B1191CA]
	(No symbol) [0x00007FF73B0F1753]
	(No symbol) [0x00007FF73B19F83E]
	(No symbol) [0x00007FF73B1BFBE2]
	(No symbol) [0x00007FF73B197A03]
	(No symbol) [0x00007FF73B1606D0]
	(No symbol) [0x00007FF73B161983]
	GetHandleVerifier [0x00007FF73B6867CD+3579853]
	GetHandleVerifier [0x00007FF73B69D1D2+3672530]
	GetHandleVerifier [0x00007FF73B692153+3627347]
	GetHandleVerifier [0x00007FF73B3F092A+868650]
	(No symbol) [0x00007FF73B292FFF]
	(No symbol) [0x00007FF73B28F4A4]
	(No symbol) [0x00007FF73B28F646]
	(No symbol) [0x00007FF73B27EAA9]
	BaseThreadInitThunk [0x00007FFE5BAC259D+29]
	RtlUserThreadStart [0x00007FFE5DB2AF38+40]

2025-03-26 20:45:35,047 - ERROR - Failed to complete ticket selection on registration page.
2025-03-26 20:45:35,047 - INFO - Browser will remain open for manual intervention. Close it when done.
2025-03-26 20:46:27,911 - INFO - Navigating to login page...
2025-03-26 20:46:35,993 - INFO - Filling in login credentials...
2025-03-26 20:46:38,064 - INFO - Login successful!
2025-03-26 20:46:38,064 - INFO - Navigating to event page: https://kklivehk.kktix.cc/events/tangsiuhau-imherelive2025
2025-03-26 20:46:50,108 - INFO - Event page loaded, searching for buttons...
2025-03-26 20:46:50,125 - INFO - Looking for 'Buy Now' (ミY潦布) button...
2025-03-26 20:46:52,167 - INFO - 'Buy Now' button not found, looking for 'Next Step' (U@B) button...
2025-03-26 20:46:52,182 - INFO - Found 2 potential buttons leading to /registrations/new.
2025-03-26 20:46:52,210 - INFO - Button 1: href=https://kktix.com/events/tangsiuhau-imherelive2025-0405/registrations/new, text=Next Step
2025-03-26 20:46:52,223 - INFO - Button 2: href=https://kktix.com/events/tangsiuhau-imherelive2025-0406/registrations/new, text=Next Step
2025-03-26 20:46:52,235 - INFO - Selected 'Next Step' button with href: https://kktix.com/events/tangsiuhau-imherelive2025-0405/registrations/new
2025-03-26 20:46:59,854 - INFO - Navigating to registration page...
2025-03-26 20:46:59,854 - INFO - On registration page, selecting ticket type and quantity...
2025-03-26 20:46:59,923 - ERROR - Preferred ticket type 'HK$980 VIP' not found. Available ticket types: ['A - $780', 'B - $580', 'C - $480']
2025-03-26 20:46:59,924 - ERROR - Failed to complete ticket selection on registration page.
2025-03-26 20:46:59,924 - INFO - Browser will remain open for manual intervention. Close it when done.
